Build output check failed:
    Regex: 'argument .* is not valid'
    Output line: 'cc1: warning: ‘-Werror=’ argument ‘-Werror=non-virtual-dtor’ is not valid for C'
Compilation failed:
    source file: '/home/berkay/code/freelance/RaspML/GizemOZDEN/Gizem/RASP/calisan/ndvi-algorithm-for-raspberry-pi/C++/lib/opencv_/build/CMakeFiles/CMakeTmp/src.c'
    check option: ' -fsigned-char -W -Wall -Werror=return-type  -Werror=non-virtual-dtor'
===== BUILD LOG =====
Change Dir: /home/berkay/code/freelance/RaspML/GizemOZDEN/Gizem/RASP/calisan/ndvi-algorithm-for-raspberry-pi/C++/lib/opencv_/build/CMakeFiles/CMakeTmp

Run Build Command(s):/usr/bin/make cmTC_9643f/fast && /usr/bin/make -f CMakeFiles/cmTC_9643f.dir/build.make CMakeFiles/cmTC_9643f.dir/build
make[1]: Entering directory '/home/berkay/code/freelance/RaspML/GizemOZDEN/Gizem/RASP/calisan/ndvi-algorithm-for-raspberry-pi/C++/lib/opencv_/build/CMakeFiles/CMakeTmp'
Building C object CMakeFiles/cmTC_9643f.dir/src.c.o
/usr/bin/cc   -O3 -DNDEBUG -fPIE    -fsigned-char -W -Wall -Werror=return-type  -Werror=non-virtual-dtor -o CMakeFiles/cmTC_9643f.dir/src.c.o   -c /home/berkay/code/freelance/RaspML/GizemOZDEN/Gizem/RASP/calisan/ndvi-algorithm-for-raspberry-pi/C++/lib/opencv_/build/CMakeFiles/CMakeTmp/src.c
cc1: warning: ‘-Werror=’ argument ‘-Werror=non-virtual-dtor’ is not valid for C
/home/berkay/code/freelance/RaspML/GizemOZDEN/Gizem/RASP/calisan/ndvi-algorithm-for-raspberry-pi/C++/lib/opencv_/build/CMakeFiles/CMakeTmp/src.c:1: warning: ignoring #pragma   [-Wunknown-pragmas]
    1 | #pragma
      | 
Linking C executable cmTC_9643f
/usr/bin/cmake -E cmake_link_script CMakeFiles/cmTC_9643f.dir/link.txt --verbose=1
/usr/bin/cc   -O3 -DNDEBUG    CMakeFiles/cmTC_9643f.dir/src.c.o  -o cmTC_9643f 
make[1]: Leaving directory '/home/berkay/code/freelance/RaspML/GizemOZDEN/Gizem/RASP/calisan/ndvi-algorithm-for-raspberry-pi/C++/lib/opencv_/build/CMakeFiles/CMakeTmp'


===== END =====

Build output check failed:
    Regex: 'command[- ]line option .* is valid for .* but not for C\+\+'
    Output line: 'cc1plus: warning: command line option ‘-Wmissing-prototypes’ is valid for C/ObjC but not for C++'
Compilation failed:
    source file: '/home/berkay/code/freelance/RaspML/GizemOZDEN/Gizem/RASP/calisan/ndvi-algorithm-for-raspberry-pi/C++/lib/opencv_/build/CMakeFiles/CMakeTmp/src.cxx'
    check option: ' -fsigned-char -W -Wall -Werror=return-type -Werror=non-virtual-dtor -Werror=address -Werror=sequence-point -Wformat -Werror=format-security -Wmissing-declarations  -Wmissing-prototypes'
===== BUILD LOG =====
Change Dir: /home/berkay/code/freelance/RaspML/GizemOZDEN/Gizem/RASP/calisan/ndvi-algorithm-for-raspberry-pi/C++/lib/opencv_/build/CMakeFiles/CMakeTmp

Run Build Command(s):/usr/bin/make cmTC_f642f/fast && /usr/bin/make -f CMakeFiles/cmTC_f642f.dir/build.make CMakeFiles/cmTC_f642f.dir/build
make[1]: Entering directory '/home/berkay/code/freelance/RaspML/GizemOZDEN/Gizem/RASP/calisan/ndvi-algorithm-for-raspberry-pi/C++/lib/opencv_/build/CMakeFiles/CMakeTmp'
Building CXX object CMakeFiles/cmTC_f642f.dir/src.cxx.o
/usr/bin/c++    -O3 -DNDEBUG -fPIE    -fsigned-char -W -Wall -Werror=return-type -Werror=non-virtual-dtor -Werror=address -Werror=sequence-point -Wformat -Werror=format-security -Wmissing-declarations  -Wmissing-prototypes -std=c++11 -o CMakeFiles/cmTC_f642f.dir/src.cxx.o -c /home/berkay/code/freelance/RaspML/GizemOZDEN/Gizem/RASP/calisan/ndvi-algorithm-for-raspberry-pi/C++/lib/opencv_/build/CMakeFiles/CMakeTmp/src.cxx
cc1plus: warning: command line option ‘-Wmissing-prototypes’ is valid for C/ObjC but not for C++
/home/berkay/code/freelance/RaspML/GizemOZDEN/Gizem/RASP/calisan/ndvi-algorithm-for-raspberry-pi/C++/lib/opencv_/build/CMakeFiles/CMakeTmp/src.cxx:1: warning: ignoring #pragma   [-Wunknown-pragmas]
    1 | #pragma
      | 
Linking CXX executable cmTC_f642f
/usr/bin/cmake -E cmake_link_script CMakeFiles/cmTC_f642f.dir/link.txt --verbose=1
/usr/bin/c++    -O3 -DNDEBUG    CMakeFiles/cmTC_f642f.dir/src.cxx.o  -o cmTC_f642f 
make[1]: Leaving directory '/home/berkay/code/freelance/RaspML/GizemOZDEN/Gizem/RASP/calisan/ndvi-algorithm-for-raspberry-pi/C++/lib/opencv_/build/CMakeFiles/CMakeTmp'


===== END =====

Build output check failed:
    Regex: 'command[- ]line option .* is valid for .* but not for C\+\+'
    Output line: 'cc1plus: warning: command line option ‘-Wstrict-prototypes’ is valid for C/ObjC but not for C++'
Compilation failed:
    source file: '/home/berkay/code/freelance/RaspML/GizemOZDEN/Gizem/RASP/calisan/ndvi-algorithm-for-raspberry-pi/C++/lib/opencv_/build/CMakeFiles/CMakeTmp/src.cxx'
    check option: ' -fsigned-char -W -Wall -Werror=return-type -Werror=non-virtual-dtor -Werror=address -Werror=sequence-point -Wformat -Werror=format-security -Wmissing-declarations  -Wstrict-prototypes'
===== BUILD LOG =====
Change Dir: /home/berkay/code/freelance/RaspML/GizemOZDEN/Gizem/RASP/calisan/ndvi-algorithm-for-raspberry-pi/C++/lib/opencv_/build/CMakeFiles/CMakeTmp

Run Build Command(s):/usr/bin/make cmTC_f490a/fast && /usr/bin/make -f CMakeFiles/cmTC_f490a.dir/build.make CMakeFiles/cmTC_f490a.dir/build
make[1]: Entering directory '/home/berkay/code/freelance/RaspML/GizemOZDEN/Gizem/RASP/calisan/ndvi-algorithm-for-raspberry-pi/C++/lib/opencv_/build/CMakeFiles/CMakeTmp'
Building CXX object CMakeFiles/cmTC_f490a.dir/src.cxx.o
/usr/bin/c++    -O3 -DNDEBUG -fPIE    -fsigned-char -W -Wall -Werror=return-type -Werror=non-virtual-dtor -Werror=address -Werror=sequence-point -Wformat -Werror=format-security -Wmissing-declarations  -Wstrict-prototypes -std=c++11 -o CMakeFiles/cmTC_f490a.dir/src.cxx.o -c /home/berkay/code/freelance/RaspML/GizemOZDEN/Gizem/RASP/calisan/ndvi-algorithm-for-raspberry-pi/C++/lib/opencv_/build/CMakeFiles/CMakeTmp/src.cxx
cc1plus: warning: command line option ‘-Wstrict-prototypes’ is valid for C/ObjC but not for C++
/home/berkay/code/freelance/RaspML/GizemOZDEN/Gizem/RASP/calisan/ndvi-algorithm-for-raspberry-pi/C++/lib/opencv_/build/CMakeFiles/CMakeTmp/src.cxx:1: warning: ignoring #pragma   [-Wunknown-pragmas]
    1 | #pragma
      | 
Linking CXX executable cmTC_f490a
/usr/bin/cmake -E cmake_link_script CMakeFiles/cmTC_f490a.dir/link.txt --verbose=1
/usr/bin/c++    -O3 -DNDEBUG    CMakeFiles/cmTC_f490a.dir/src.cxx.o  -o cmTC_f490a 
make[1]: Leaving directory '/home/berkay/code/freelance/RaspML/GizemOZDEN/Gizem/RASP/calisan/ndvi-algorithm-for-raspberry-pi/C++/lib/opencv_/build/CMakeFiles/CMakeTmp'


===== END =====

Build output check failed:
    Regex: 'command[- ]line option .* is valid for .* but not for C'
    Output line: 'cc1: warning: command line option ‘-Wsign-promo’ is valid for C++/ObjC++ but not for C'
Compilation failed:
    source file: '/home/berkay/code/freelance/RaspML/GizemOZDEN/Gizem/RASP/calisan/ndvi-algorithm-for-raspberry-pi/C++/lib/opencv_/build/CMakeFiles/CMakeTmp/src.c'
    check option: ' -fsigned-char -W -Wall -Werror=return-type -Werror=address -Werror=sequence-point -Wformat -Werror=format-security -Wmissing-declarations -Wmissing-prototypes -Wstrict-prototypes -Wundef -Winit-self -Wpointer-arith -Wshadow  -Wsign-promo'
===== BUILD LOG =====
Change Dir: /home/berkay/code/freelance/RaspML/GizemOZDEN/Gizem/RASP/calisan/ndvi-algorithm-for-raspberry-pi/C++/lib/opencv_/build/CMakeFiles/CMakeTmp

Run Build Command(s):/usr/bin/make cmTC_931bd/fast && /usr/bin/make -f CMakeFiles/cmTC_931bd.dir/build.make CMakeFiles/cmTC_931bd.dir/build
make[1]: Entering directory '/home/berkay/code/freelance/RaspML/GizemOZDEN/Gizem/RASP/calisan/ndvi-algorithm-for-raspberry-pi/C++/lib/opencv_/build/CMakeFiles/CMakeTmp'
Building C object CMakeFiles/cmTC_931bd.dir/src.c.o
/usr/bin/cc   -O3 -DNDEBUG -fPIE    -fsigned-char -W -Wall -Werror=return-type -Werror=address -Werror=sequence-point -Wformat -Werror=format-security -Wmissing-declarations -Wmissing-prototypes -Wstrict-prototypes -Wundef -Winit-self -Wpointer-arith -Wshadow  -Wsign-promo -o CMakeFiles/cmTC_931bd.dir/src.c.o   -c /home/berkay/code/freelance/RaspML/GizemOZDEN/Gizem/RASP/calisan/ndvi-algorithm-for-raspberry-pi/C++/lib/opencv_/build/CMakeFiles/CMakeTmp/src.c
cc1: warning: command line option ‘-Wsign-promo’ is valid for C++/ObjC++ but not for C
/home/berkay/code/freelance/RaspML/GizemOZDEN/Gizem/RASP/calisan/ndvi-algorithm-for-raspberry-pi/C++/lib/opencv_/build/CMakeFiles/CMakeTmp/src.c:1: warning: ignoring #pragma   [-Wunknown-pragmas]
    1 | #pragma
      | 
Linking C executable cmTC_931bd
/usr/bin/cmake -E cmake_link_script CMakeFiles/cmTC_931bd.dir/link.txt --verbose=1
/usr/bin/cc   -O3 -DNDEBUG    CMakeFiles/cmTC_931bd.dir/src.c.o  -o cmTC_931bd 
make[1]: Leaving directory '/home/berkay/code/freelance/RaspML/GizemOZDEN/Gizem/RASP/calisan/ndvi-algorithm-for-raspberry-pi/C++/lib/opencv_/build/CMakeFiles/CMakeTmp'


===== END =====

Build output check failed:
    Regex: 'command[- ]line option .* is valid for .* but not for C'
    Output line: 'cc1: warning: command line option ‘-Wsuggest-override’ is valid for C++/ObjC++ but not for C'
Compilation failed:
    source file: '/home/berkay/code/freelance/RaspML/GizemOZDEN/Gizem/RASP/calisan/ndvi-algorithm-for-raspberry-pi/C++/lib/opencv_/build/CMakeFiles/CMakeTmp/src.c'
    check option: ' -fsigned-char -W -Wall -Werror=return-type -Werror=address -Werror=sequence-point -Wformat -Werror=format-security -Wmissing-declarations -Wmissing-prototypes -Wstrict-prototypes -Wundef -Winit-self -Wpointer-arith -Wshadow -Wuninitialized  -Wsuggest-override'
===== BUILD LOG =====
Change Dir: /home/berkay/code/freelance/RaspML/GizemOZDEN/Gizem/RASP/calisan/ndvi-algorithm-for-raspberry-pi/C++/lib/opencv_/build/CMakeFiles/CMakeTmp

Run Build Command(s):/usr/bin/make cmTC_50da4/fast && /usr/bin/make -f CMakeFiles/cmTC_50da4.dir/build.make CMakeFiles/cmTC_50da4.dir/build
make[1]: Entering directory '/home/berkay/code/freelance/RaspML/GizemOZDEN/Gizem/RASP/calisan/ndvi-algorithm-for-raspberry-pi/C++/lib/opencv_/build/CMakeFiles/CMakeTmp'
Building C object CMakeFiles/cmTC_50da4.dir/src.c.o
/usr/bin/cc   -O3 -DNDEBUG -fPIE    -fsigned-char -W -Wall -Werror=return-type -Werror=address -Werror=sequence-point -Wformat -Werror=format-security -Wmissing-declarations -Wmissing-prototypes -Wstrict-prototypes -Wundef -Winit-self -Wpointer-arith -Wshadow -Wuninitialized  -Wsuggest-override -o CMakeFiles/cmTC_50da4.dir/src.c.o   -c /home/berkay/code/freelance/RaspML/GizemOZDEN/Gizem/RASP/calisan/ndvi-algorithm-for-raspberry-pi/C++/lib/opencv_/build/CMakeFiles/CMakeTmp/src.c
cc1: warning: command line option ‘-Wsuggest-override’ is valid for C++/ObjC++ but not for C
/home/berkay/code/freelance/RaspML/GizemOZDEN/Gizem/RASP/calisan/ndvi-algorithm-for-raspberry-pi/C++/lib/opencv_/build/CMakeFiles/CMakeTmp/src.c:1: warning: ignoring #pragma   [-Wunknown-pragmas]
    1 | #pragma
      | 
Linking C executable cmTC_50da4
/usr/bin/cmake -E cmake_link_script CMakeFiles/cmTC_50da4.dir/link.txt --verbose=1
/usr/bin/cc   -O3 -DNDEBUG    CMakeFiles/cmTC_50da4.dir/src.c.o  -o cmTC_50da4 
make[1]: Leaving directory '/home/berkay/code/freelance/RaspML/GizemOZDEN/Gizem/RASP/calisan/ndvi-algorithm-for-raspberry-pi/C++/lib/opencv_/build/CMakeFiles/CMakeTmp'


===== END =====

Build output check failed:
    Regex: 'command[- ]line option .* is valid for .* but not for C'
    Output line: 'cc1: warning: command line option ‘-Wno-delete-non-virtual-dtor’ is valid for C++/ObjC++ but not for C'
Compilation failed:
    source file: '/home/berkay/code/freelance/RaspML/GizemOZDEN/Gizem/RASP/calisan/ndvi-algorithm-for-raspberry-pi/C++/lib/opencv_/build/CMakeFiles/CMakeTmp/src.c'
    check option: ' -fsigned-char -W -Wall -Werror=return-type -Werror=address -Werror=sequence-point -Wformat -Werror=format-security -Wmissing-declarations -Wmissing-prototypes -Wstrict-prototypes -Wundef -Winit-self -Wpointer-arith -Wshadow -Wuninitialized  -Wno-delete-non-virtual-dtor'
===== BUILD LOG =====
Change Dir: /home/berkay/code/freelance/RaspML/GizemOZDEN/Gizem/RASP/calisan/ndvi-algorithm-for-raspberry-pi/C++/lib/opencv_/build/CMakeFiles/CMakeTmp

Run Build Command(s):/usr/bin/make cmTC_a3711/fast && /usr/bin/make -f CMakeFiles/cmTC_a3711.dir/build.make CMakeFiles/cmTC_a3711.dir/build
make[1]: Entering directory '/home/berkay/code/freelance/RaspML/GizemOZDEN/Gizem/RASP/calisan/ndvi-algorithm-for-raspberry-pi/C++/lib/opencv_/build/CMakeFiles/CMakeTmp'
Building C object CMakeFiles/cmTC_a3711.dir/src.c.o
/usr/bin/cc   -O3 -DNDEBUG -fPIE    -fsigned-char -W -Wall -Werror=return-type -Werror=address -Werror=sequence-point -Wformat -Werror=format-security -Wmissing-declarations -Wmissing-prototypes -Wstrict-prototypes -Wundef -Winit-self -Wpointer-arith -Wshadow -Wuninitialized  -Wno-delete-non-virtual-dtor -o CMakeFiles/cmTC_a3711.dir/src.c.o   -c /home/berkay/code/freelance/RaspML/GizemOZDEN/Gizem/RASP/calisan/ndvi-algorithm-for-raspberry-pi/C++/lib/opencv_/build/CMakeFiles/CMakeTmp/src.c
cc1: warning: command line option ‘-Wno-delete-non-virtual-dtor’ is valid for C++/ObjC++ but not for C
/home/berkay/code/freelance/RaspML/GizemOZDEN/Gizem/RASP/calisan/ndvi-algorithm-for-raspberry-pi/C++/lib/opencv_/build/CMakeFiles/CMakeTmp/src.c:1: warning: ignoring #pragma   [-Wunknown-pragmas]
    1 | #pragma
      | 
Linking C executable cmTC_a3711
/usr/bin/cmake -E cmake_link_script CMakeFiles/cmTC_a3711.dir/link.txt --verbose=1
/usr/bin/cc   -O3 -DNDEBUG    CMakeFiles/cmTC_a3711.dir/src.c.o  -o cmTC_a3711 
make[1]: Leaving directory '/home/berkay/code/freelance/RaspML/GizemOZDEN/Gizem/RASP/calisan/ndvi-algorithm-for-raspberry-pi/C++/lib/opencv_/build/CMakeFiles/CMakeTmp'


===== END =====

Build output check failed:
    Regex: 'unrecognized .*option'
    Output line: 'cc1plus: warning: unrecognized command line option ‘-Wno-unnamed-type-template-args’'
Compilation failed:
    source file: '/home/berkay/code/freelance/RaspML/GizemOZDEN/Gizem/RASP/calisan/ndvi-algorithm-for-raspberry-pi/C++/lib/opencv_/build/CMakeFiles/CMakeTmp/src.cxx'
    check option: ' -fsigned-char -W -Wall -Werror=return-type -Werror=non-virtual-dtor -Werror=address -Werror=sequence-point -Wformat -Werror=format-security -Wmissing-declarations -Wundef -Winit-self -Wpointer-arith -Wshadow -Wsign-promo -Wuninitialized -Wsuggest-override -Wno-delete-non-virtual-dtor  -Wno-unnamed-type-template-args'
===== BUILD LOG =====
Change Dir: /home/berkay/code/freelance/RaspML/GizemOZDEN/Gizem/RASP/calisan/ndvi-algorithm-for-raspberry-pi/C++/lib/opencv_/build/CMakeFiles/CMakeTmp

Run Build Command(s):/usr/bin/make cmTC_268fd/fast && /usr/bin/make -f CMakeFiles/cmTC_268fd.dir/build.make CMakeFiles/cmTC_268fd.dir/build
make[1]: Entering directory '/home/berkay/code/freelance/RaspML/GizemOZDEN/Gizem/RASP/calisan/ndvi-algorithm-for-raspberry-pi/C++/lib/opencv_/build/CMakeFiles/CMakeTmp'
Building CXX object CMakeFiles/cmTC_268fd.dir/src.cxx.o
/usr/bin/c++    -O3 -DNDEBUG -fPIE    -fsigned-char -W -Wall -Werror=return-type -Werror=non-virtual-dtor -Werror=address -Werror=sequence-point -Wformat -Werror=format-security -Wmissing-declarations -Wundef -Winit-self -Wpointer-arith -Wshadow -Wsign-promo -Wuninitialized -Wsuggest-override -Wno-delete-non-virtual-dtor  -Wno-unnamed-type-template-args -std=c++11 -o CMakeFiles/cmTC_268fd.dir/src.cxx.o -c /home/berkay/code/freelance/RaspML/GizemOZDEN/Gizem/RASP/calisan/ndvi-algorithm-for-raspberry-pi/C++/lib/opencv_/build/CMakeFiles/CMakeTmp/src.cxx
/home/berkay/code/freelance/RaspML/GizemOZDEN/Gizem/RASP/calisan/ndvi-algorithm-for-raspberry-pi/C++/lib/opencv_/build/CMakeFiles/CMakeTmp/src.cxx:1: warning: ignoring #pragma   [-Wunknown-pragmas]
    1 | #pragma
      | 
cc1plus: warning: unrecognized command line option ‘-Wno-unnamed-type-template-args’
Linking CXX executable cmTC_268fd
/usr/bin/cmake -E cmake_link_script CMakeFiles/cmTC_268fd.dir/link.txt --verbose=1
/usr/bin/c++    -O3 -DNDEBUG    CMakeFiles/cmTC_268fd.dir/src.cxx.o  -o cmTC_268fd 
make[1]: Leaving directory '/home/berkay/code/freelance/RaspML/GizemOZDEN/Gizem/RASP/calisan/ndvi-algorithm-for-raspberry-pi/C++/lib/opencv_/build/CMakeFiles/CMakeTmp'


===== END =====

Build output check failed:
    Regex: 'unrecognized .*option'
    Output line: 'cc1: warning: unrecognized command line option ‘-Wno-unnamed-type-template-args’'
Compilation failed:
    source file: '/home/berkay/code/freelance/RaspML/GizemOZDEN/Gizem/RASP/calisan/ndvi-algorithm-for-raspberry-pi/C++/lib/opencv_/build/CMakeFiles/CMakeTmp/src.c'
    check option: ' -fsigned-char -W -Wall -Werror=return-type -Werror=address -Werror=sequence-point -Wformat -Werror=format-security -Wmissing-declarations -Wmissing-prototypes -Wstrict-prototypes -Wundef -Winit-self -Wpointer-arith -Wshadow -Wuninitialized  -Wno-unnamed-type-template-args'
===== BUILD LOG =====
Change Dir: /home/berkay/code/freelance/RaspML/GizemOZDEN/Gizem/RASP/calisan/ndvi-algorithm-for-raspberry-pi/C++/lib/opencv_/build/CMakeFiles/CMakeTmp

Run Build Command(s):/usr/bin/make cmTC_bd012/fast && /usr/bin/make -f CMakeFiles/cmTC_bd012.dir/build.make CMakeFiles/cmTC_bd012.dir/build
make[1]: Entering directory '/home/berkay/code/freelance/RaspML/GizemOZDEN/Gizem/RASP/calisan/ndvi-algorithm-for-raspberry-pi/C++/lib/opencv_/build/CMakeFiles/CMakeTmp'
Building C object CMakeFiles/cmTC_bd012.dir/src.c.o
/usr/bin/cc   -O3 -DNDEBUG -fPIE    -fsigned-char -W -Wall -Werror=return-type -Werror=address -Werror=sequence-point -Wformat -Werror=format-security -Wmissing-declarations -Wmissing-prototypes -Wstrict-prototypes -Wundef -Winit-self -Wpointer-arith -Wshadow -Wuninitialized  -Wno-unnamed-type-template-args -o CMakeFiles/cmTC_bd012.dir/src.c.o   -c /home/berkay/code/freelance/RaspML/GizemOZDEN/Gizem/RASP/calisan/ndvi-algorithm-for-raspberry-pi/C++/lib/opencv_/build/CMakeFiles/CMakeTmp/src.c
/home/berkay/code/freelance/RaspML/GizemOZDEN/Gizem/RASP/calisan/ndvi-algorithm-for-raspberry-pi/C++/lib/opencv_/build/CMakeFiles/CMakeTmp/src.c:1: warning: ignoring #pragma   [-Wunknown-pragmas]
    1 | #pragma
      | 
cc1: warning: unrecognized command line option ‘-Wno-unnamed-type-template-args’
Linking C executable cmTC_bd012
/usr/bin/cmake -E cmake_link_script CMakeFiles/cmTC_bd012.dir/link.txt --verbose=1
/usr/bin/cc   -O3 -DNDEBUG    CMakeFiles/cmTC_bd012.dir/src.c.o  -o cmTC_bd012 
make[1]: Leaving directory '/home/berkay/code/freelance/RaspML/GizemOZDEN/Gizem/RASP/calisan/ndvi-algorithm-for-raspberry-pi/C++/lib/opencv_/build/CMakeFiles/CMakeTmp'


===== END =====

Build output check failed:
    Regex: 'command[- ]line option .* is valid for .* but not for C'
    Output line: 'cc1: warning: command line option ‘-fvisibility-inlines-hidden’ is valid for C++/ObjC++ but not for C'
Compilation failed:
    source file: '/home/berkay/code/freelance/RaspML/GizemOZDEN/Gizem/RASP/calisan/ndvi-algorithm-for-raspberry-pi/C++/lib/opencv_/build/CMakeFiles/CMakeTmp/src.c'
    check option: ' -fsigned-char -W -Wall -Werror=return-type -Werror=address -Werror=sequence-point -Wformat -Werror=format-security -Wmissing-declarations -Wmissing-prototypes -Wstrict-prototypes -Wundef -Winit-self -Wpointer-arith -Wshadow -Wuninitialized -Wno-comment -Wimplicit-fallthrough=3 -Wno-strict-overflow -fdiagnostics-show-option -Wno-long-long -pthread -fomit-frame-pointer -ffunction-sections -fdata-sections  -msse -msse2 -msse3 -fvisibility=hidden  -fvisibility-inlines-hidden'
===== BUILD LOG =====
Change Dir: /home/berkay/code/freelance/RaspML/GizemOZDEN/Gizem/RASP/calisan/ndvi-algorithm-for-raspberry-pi/C++/lib/opencv_/build/CMakeFiles/CMakeTmp

Run Build Command(s):/usr/bin/make cmTC_3f815/fast && /usr/bin/make -f CMakeFiles/cmTC_3f815.dir/build.make CMakeFiles/cmTC_3f815.dir/build
make[1]: Entering directory '/home/berkay/code/freelance/RaspML/GizemOZDEN/Gizem/RASP/calisan/ndvi-algorithm-for-raspberry-pi/C++/lib/opencv_/build/CMakeFiles/CMakeTmp'
Building C object CMakeFiles/cmTC_3f815.dir/src.c.o
/usr/bin/cc   -O3 -DNDEBUG -fPIE    -fsigned-char -W -Wall -Werror=return-type -Werror=address -Werror=sequence-point -Wformat -Werror=format-security -Wmissing-declarations -Wmissing-prototypes -Wstrict-prototypes -Wundef -Winit-self -Wpointer-arith -Wshadow -Wuninitialized -Wno-comment -Wimplicit-fallthrough=3 -Wno-strict-overflow -fdiagnostics-show-option -Wno-long-long -pthread -fomit-frame-pointer -ffunction-sections -fdata-sections  -msse -msse2 -msse3 -fvisibility=hidden  -fvisibility-inlines-hidden -o CMakeFiles/cmTC_3f815.dir/src.c.o   -c /home/berkay/code/freelance/RaspML/GizemOZDEN/Gizem/RASP/calisan/ndvi-algorithm-for-raspberry-pi/C++/lib/opencv_/build/CMakeFiles/CMakeTmp/src.c
cc1: warning: command line option ‘-fvisibility-inlines-hidden’ is valid for C++/ObjC++ but not for C
/home/berkay/code/freelance/RaspML/GizemOZDEN/Gizem/RASP/calisan/ndvi-algorithm-for-raspberry-pi/C++/lib/opencv_/build/CMakeFiles/CMakeTmp/src.c:1: warning: ignoring #pragma   [-Wunknown-pragmas]
    1 | #pragma
      | 
Linking C executable cmTC_3f815
/usr/bin/cmake -E cmake_link_script CMakeFiles/cmTC_3f815.dir/link.txt --verbose=1
/usr/bin/cc   -O3 -DNDEBUG    CMakeFiles/cmTC_3f815.dir/src.c.o  -o cmTC_3f815 
make[1]: Leaving directory '/home/berkay/code/freelance/RaspML/GizemOZDEN/Gizem/RASP/calisan/ndvi-algorithm-for-raspberry-pi/C++/lib/opencv_/build/CMakeFiles/CMakeTmp'


===== END =====

Build output check failed:
    Regex: 'unrecognized .*option'
    Output line: 'cc1: warning: unrecognized command line option ‘-Wno-shorten-64-to-32’'
Compilation failed:
    source file: '/home/berkay/code/freelance/RaspML/GizemOZDEN/Gizem/RASP/calisan/ndvi-algorithm-for-raspberry-pi/C++/lib/opencv_/build/CMakeFiles/CMakeTmp/src.c'
    check option: ' -Wno-shorten-64-to-32'
===== BUILD LOG =====
Change Dir: /home/berkay/code/freelance/RaspML/GizemOZDEN/Gizem/RASP/calisan/ndvi-algorithm-for-raspberry-pi/C++/lib/opencv_/build/CMakeFiles/CMakeTmp

Run Build Command(s):/usr/bin/make cmTC_8465b/fast && /usr/bin/make -f CMakeFiles/cmTC_8465b.dir/build.make CMakeFiles/cmTC_8465b.dir/build
make[1]: Entering directory '/home/berkay/code/freelance/RaspML/GizemOZDEN/Gizem/RASP/calisan/ndvi-algorithm-for-raspberry-pi/C++/lib/opencv_/build/CMakeFiles/CMakeTmp'
Building C object CMakeFiles/cmTC_8465b.dir/src.c.o
/usr/bin/cc   -fsigned-char -W -Wall -Werror=return-type -Werror=address -Werror=sequence-point -Wformat -Werror=format-security -Wmissing-declarations -Wmissing-prototypes -Wstrict-prototypes -Wundef -Winit-self -Wpointer-arith -Wshadow -Wuninitialized -Wno-comment -Wimplicit-fallthrough=3 -Wno-strict-overflow -fdiagnostics-show-option -Wno-long-long -pthread -fomit-frame-pointer -ffunction-sections -fdata-sections  -msse -msse2 -msse3 -fvisibility=hidden -Wno-unused-parameter -Wno-sign-compare  -O3 -DNDEBUG  -DNDEBUG -fPIE    -Wno-shorten-64-to-32 -o CMakeFiles/cmTC_8465b.dir/src.c.o   -c /home/berkay/code/freelance/RaspML/GizemOZDEN/Gizem/RASP/calisan/ndvi-algorithm-for-raspberry-pi/C++/lib/opencv_/build/CMakeFiles/CMakeTmp/src.c
/home/berkay/code/freelance/RaspML/GizemOZDEN/Gizem/RASP/calisan/ndvi-algorithm-for-raspberry-pi/C++/lib/opencv_/build/CMakeFiles/CMakeTmp/src.c:1: warning: ignoring #pragma   [-Wunknown-pragmas]
    1 | #pragma
      | 
cc1: warning: unrecognized command line option ‘-Wno-shorten-64-to-32’
Linking C executable cmTC_8465b
/usr/bin/cmake -E cmake_link_script CMakeFiles/cmTC_8465b.dir/link.txt --verbose=1
/usr/bin/cc    -fsigned-char -W -Wall -Werror=return-type -Werror=address -Werror=sequence-point -Wformat -Werror=format-security -Wmissing-declarations -Wmissing-prototypes -Wstrict-prototypes -Wundef -Winit-self -Wpointer-arith -Wshadow -Wuninitialized -Wno-comment -Wimplicit-fallthrough=3 -Wno-strict-overflow -fdiagnostics-show-option -Wno-long-long -pthread -fomit-frame-pointer -ffunction-sections -fdata-sections  -msse -msse2 -msse3 -fvisibility=hidden -Wno-unused-parameter -Wno-sign-compare  -O3 -DNDEBUG  -DNDEBUG    -Wl,--gc-sections -Wl,--as-needed  CMakeFiles/cmTC_8465b.dir/src.c.o  -o cmTC_8465b 
make[1]: Leaving directory '/home/berkay/code/freelance/RaspML/GizemOZDEN/Gizem/RASP/calisan/ndvi-algorithm-for-raspberry-pi/C++/lib/opencv_/build/CMakeFiles/CMakeTmp'


===== END =====

Determining if the include file io.h exists failed with the following output:
Change Dir: /home/berkay/code/freelance/RaspML/GizemOZDEN/Gizem/RASP/calisan/ndvi-algorithm-for-raspberry-pi/C++/lib/opencv_/build/CMakeFiles/CMakeTmp

Run Build Command(s):/usr/bin/make cmTC_6c70d/fast && /usr/bin/make -f CMakeFiles/cmTC_6c70d.dir/build.make CMakeFiles/cmTC_6c70d.dir/build
make[1]: Entering directory '/home/berkay/code/freelance/RaspML/GizemOZDEN/Gizem/RASP/calisan/ndvi-algorithm-for-raspberry-pi/C++/lib/opencv_/build/CMakeFiles/CMakeTmp'
Building C object CMakeFiles/cmTC_6c70d.dir/CheckIncludeFile.c.o
/usr/bin/cc   -fsigned-char -W -Wall -Werror=return-type -Werror=address -Werror=sequence-point -Wformat -Werror=format-security -Wmissing-declarations -Wmissing-prototypes -Wstrict-prototypes -Wundef -Winit-self -Wpointer-arith -Wshadow -Wuninitialized -Wno-comment -Wimplicit-fallthrough=3 -Wno-strict-overflow -fdiagnostics-show-option -Wno-long-long -pthread -fomit-frame-pointer -ffunction-sections -fdata-sections  -msse -msse2 -msse3 -fvisibility=hidden  -O3 -DNDEBUG  -DNDEBUG -fPIE   -o CMakeFiles/cmTC_6c70d.dir/CheckIncludeFile.c.o   -c /home/berkay/code/freelance/RaspML/GizemOZDEN/Gizem/RASP/calisan/ndvi-algorithm-for-raspberry-pi/C++/lib/opencv_/build/CMakeFiles/CMakeTmp/CheckIncludeFile.c
/home/berkay/code/freelance/RaspML/GizemOZDEN/Gizem/RASP/calisan/ndvi-algorithm-for-raspberry-pi/C++/lib/opencv_/build/CMakeFiles/CMakeTmp/CheckIncludeFile.c:1:10: fatal error: io.h: Böyle bir dosya ya da dizin yok
    1 | #include <io.h>
      |          ^~~~~~
compilation terminated.
make[1]: *** [CMakeFiles/cmTC_6c70d.dir/build.make:66: CMakeFiles/cmTC_6c70d.dir/CheckIncludeFile.c.o] Error 1
make[1]: Leaving directory '/home/berkay/code/freelance/RaspML/GizemOZDEN/Gizem/RASP/calisan/ndvi-algorithm-for-raspberry-pi/C++/lib/opencv_/build/CMakeFiles/CMakeTmp'
make: *** [Makefile:121: cmTC_6c70d/fast] Error 2



Determining size of INT8 failed with the following output:
Change Dir: /home/berkay/code/freelance/RaspML/GizemOZDEN/Gizem/RASP/calisan/ndvi-algorithm-for-raspberry-pi/C++/lib/opencv_/build/CMakeFiles/CMakeTmp

Run Build Command(s):/usr/bin/make cmTC_610ec/fast && /usr/bin/make -f CMakeFiles/cmTC_610ec.dir/build.make CMakeFiles/cmTC_610ec.dir/build
make[1]: Entering directory '/home/berkay/code/freelance/RaspML/GizemOZDEN/Gizem/RASP/calisan/ndvi-algorithm-for-raspberry-pi/C++/lib/opencv_/build/CMakeFiles/CMakeTmp'
Building C object CMakeFiles/cmTC_610ec.dir/int8.c.o
/usr/bin/cc   -fsigned-char -W -Wall -Werror=return-type -Werror=address -Werror=sequence-point -Wformat -Werror=format-security -Wmissing-declarations -Wmissing-prototypes -Wstrict-prototypes -Wundef -Winit-self -Wpointer-arith -Wshadow -Wuninitialized -Wno-comment -Wimplicit-fallthrough=3 -Wno-strict-overflow -fdiagnostics-show-option -Wno-long-long -pthread -fomit-frame-pointer -ffunction-sections -fdata-sections  -msse -msse2 -msse3 -fvisibility=hidden  -O3 -DNDEBUG  -DNDEBUG -fPIE   -o CMakeFiles/cmTC_610ec.dir/int8.c.o   -c /home/berkay/code/freelance/RaspML/GizemOZDEN/Gizem/RASP/calisan/ndvi-algorithm-for-raspberry-pi/C++/lib/opencv_/build/CMakeFiles/CheckTypeSize/int8.c
/home/berkay/code/freelance/RaspML/GizemOZDEN/Gizem/RASP/calisan/ndvi-algorithm-for-raspberry-pi/C++/lib/opencv_/build/CMakeFiles/CheckTypeSize/int8.c:23:22: error: ‘INT8’ undeclared here (not in a function); did you mean ‘INT8_C’?
   23 | #define SIZE (sizeof(INT8))
      |                      ^~~~
/home/berkay/code/freelance/RaspML/GizemOZDEN/Gizem/RASP/calisan/ndvi-algorithm-for-raspberry-pi/C++/lib/opencv_/build/CMakeFiles/CheckTypeSize/int8.c:25:12: note: in expansion of macro ‘SIZE’
   25 |   ('0' + ((SIZE / 10000)%10)),
      |            ^~~~
make[1]: *** [CMakeFiles/cmTC_610ec.dir/build.make:66: CMakeFiles/cmTC_610ec.dir/int8.c.o] Error 1
make[1]: Leaving directory '/home/berkay/code/freelance/RaspML/GizemOZDEN/Gizem/RASP/calisan/ndvi-algorithm-for-raspberry-pi/C++/lib/opencv_/build/CMakeFiles/CMakeTmp'
make: *** [Makefile:121: cmTC_610ec/fast] Error 2


/home/berkay/code/freelance/RaspML/GizemOZDEN/Gizem/RASP/calisan/ndvi-algorithm-for-raspberry-pi/C++/lib/opencv_/build/CMakeFiles/CheckTypeSize/int8.c:
#include <sys/types.h>
#include <stdint.h>
#include <stddef.h>


#undef KEY
#if defined(__i386)
# define KEY '_','_','i','3','8','6'
#elif defined(__x86_64)
# define KEY '_','_','x','8','6','_','6','4'
#elif defined(__ppc__)
# define KEY '_','_','p','p','c','_','_'
#elif defined(__ppc64__)
# define KEY '_','_','p','p','c','6','4','_','_'
#elif defined(__aarch64__)
# define KEY '_','_','a','a','r','c','h','6','4','_','_'
#elif defined(__ARM_ARCH_7A__)
# define KEY '_','_','A','R','M','_','A','R','C','H','_','7','A','_','_'
#elif defined(__ARM_ARCH_7S__)
# define KEY '_','_','A','R','M','_','A','R','C','H','_','7','S','_','_'
#endif

#define SIZE (sizeof(INT8))
static char info_size[] =  {'I', 'N', 'F', 'O', ':', 's','i','z','e','[',
  ('0' + ((SIZE / 10000)%10)),
  ('0' + ((SIZE / 1000)%10)),
  ('0' + ((SIZE / 100)%10)),
  ('0' + ((SIZE / 10)%10)),
  ('0' +  (SIZE    % 10)),
  ']',
#ifdef KEY
  ' ','k','e','y','[', KEY, ']',
#endif
  '\0'};

#ifdef __CLASSIC_C__
int main(argc, argv) int argc; char *argv[];
#else
int main(int argc, char *argv[])
#endif
{
  int require = 0;
  require += info_size[argc];
  (void)argv;
  return require;
}


Determining size of INT16 failed with the following output:
Change Dir: /home/berkay/code/freelance/RaspML/GizemOZDEN/Gizem/RASP/calisan/ndvi-algorithm-for-raspberry-pi/C++/lib/opencv_/build/CMakeFiles/CMakeTmp

Run Build Command(s):/usr/bin/make cmTC_e1672/fast && /usr/bin/make -f CMakeFiles/cmTC_e1672.dir/build.make CMakeFiles/cmTC_e1672.dir/build
make[1]: Entering directory '/home/berkay/code/freelance/RaspML/GizemOZDEN/Gizem/RASP/calisan/ndvi-algorithm-for-raspberry-pi/C++/lib/opencv_/build/CMakeFiles/CMakeTmp'
Building C object CMakeFiles/cmTC_e1672.dir/int16.c.o
/usr/bin/cc   -fsigned-char -W -Wall -Werror=return-type -Werror=address -Werror=sequence-point -Wformat -Werror=format-security -Wmissing-declarations -Wmissing-prototypes -Wstrict-prototypes -Wundef -Winit-self -Wpointer-arith -Wshadow -Wuninitialized -Wno-comment -Wimplicit-fallthrough=3 -Wno-strict-overflow -fdiagnostics-show-option -Wno-long-long -pthread -fomit-frame-pointer -ffunction-sections -fdata-sections  -msse -msse2 -msse3 -fvisibility=hidden  -O3 -DNDEBUG  -DNDEBUG -fPIE   -o CMakeFiles/cmTC_e1672.dir/int16.c.o   -c /home/berkay/code/freelance/RaspML/GizemOZDEN/Gizem/RASP/calisan/ndvi-algorithm-for-raspberry-pi/C++/lib/opencv_/build/CMakeFiles/CheckTypeSize/int16.c
/home/berkay/code/freelance/RaspML/GizemOZDEN/Gizem/RASP/calisan/ndvi-algorithm-for-raspberry-pi/C++/lib/opencv_/build/CMakeFiles/CheckTypeSize/int16.c:23:22: error: ‘INT16’ undeclared here (not in a function); did you mean ‘INT16_C’?
   23 | #define SIZE (sizeof(INT16))
      |                      ^~~~~
/home/berkay/code/freelance/RaspML/GizemOZDEN/Gizem/RASP/calisan/ndvi-algorithm-for-raspberry-pi/C++/lib/opencv_/build/CMakeFiles/CheckTypeSize/int16.c:25:12: note: in expansion of macro ‘SIZE’
   25 |   ('0' + ((SIZE / 10000)%10)),
      |            ^~~~
make[1]: *** [CMakeFiles/cmTC_e1672.dir/build.make:66: CMakeFiles/cmTC_e1672.dir/int16.c.o] Error 1
make[1]: Leaving directory '/home/berkay/code/freelance/RaspML/GizemOZDEN/Gizem/RASP/calisan/ndvi-algorithm-for-raspberry-pi/C++/lib/opencv_/build/CMakeFiles/CMakeTmp'
make: *** [Makefile:121: cmTC_e1672/fast] Error 2


/home/berkay/code/freelance/RaspML/GizemOZDEN/Gizem/RASP/calisan/ndvi-algorithm-for-raspberry-pi/C++/lib/opencv_/build/CMakeFiles/CheckTypeSize/int16.c:
#include <sys/types.h>
#include <stdint.h>
#include <stddef.h>


#undef KEY
#if defined(__i386)
# define KEY '_','_','i','3','8','6'
#elif defined(__x86_64)
# define KEY '_','_','x','8','6','_','6','4'
#elif defined(__ppc__)
# define KEY '_','_','p','p','c','_','_'
#elif defined(__ppc64__)
# define KEY '_','_','p','p','c','6','4','_','_'
#elif defined(__aarch64__)
# define KEY '_','_','a','a','r','c','h','6','4','_','_'
#elif defined(__ARM_ARCH_7A__)
# define KEY '_','_','A','R','M','_','A','R','C','H','_','7','A','_','_'
#elif defined(__ARM_ARCH_7S__)
# define KEY '_','_','A','R','M','_','A','R','C','H','_','7','S','_','_'
#endif

#define SIZE (sizeof(INT16))
static char info_size[] =  {'I', 'N', 'F', 'O', ':', 's','i','z','e','[',
  ('0' + ((SIZE / 10000)%10)),
  ('0' + ((SIZE / 1000)%10)),
  ('0' + ((SIZE / 100)%10)),
  ('0' + ((SIZE / 10)%10)),
  ('0' +  (SIZE    % 10)),
  ']',
#ifdef KEY
  ' ','k','e','y','[', KEY, ']',
#endif
  '\0'};

#ifdef __CLASSIC_C__
int main(argc, argv) int argc; char *argv[];
#else
int main(int argc, char *argv[])
#endif
{
  int require = 0;
  require += info_size[argc];
  (void)argv;
  return require;
}


Determining size of INT32 failed with the following output:
Change Dir: /home/berkay/code/freelance/RaspML/GizemOZDEN/Gizem/RASP/calisan/ndvi-algorithm-for-raspberry-pi/C++/lib/opencv_/build/CMakeFiles/CMakeTmp

Run Build Command(s):/usr/bin/make cmTC_593e7/fast && /usr/bin/make -f CMakeFiles/cmTC_593e7.dir/build.make CMakeFiles/cmTC_593e7.dir/build
make[1]: Entering directory '/home/berkay/code/freelance/RaspML/GizemOZDEN/Gizem/RASP/calisan/ndvi-algorithm-for-raspberry-pi/C++/lib/opencv_/build/CMakeFiles/CMakeTmp'
Building C object CMakeFiles/cmTC_593e7.dir/int32.c.o
/usr/bin/cc   -fsigned-char -W -Wall -Werror=return-type -Werror=address -Werror=sequence-point -Wformat -Werror=format-security -Wmissing-declarations -Wmissing-prototypes -Wstrict-prototypes -Wundef -Winit-self -Wpointer-arith -Wshadow -Wuninitialized -Wno-comment -Wimplicit-fallthrough=3 -Wno-strict-overflow -fdiagnostics-show-option -Wno-long-long -pthread -fomit-frame-pointer -ffunction-sections -fdata-sections  -msse -msse2 -msse3 -fvisibility=hidden  -O3 -DNDEBUG  -DNDEBUG -fPIE   -o CMakeFiles/cmTC_593e7.dir/int32.c.o   -c /home/berkay/code/freelance/RaspML/GizemOZDEN/Gizem/RASP/calisan/ndvi-algorithm-for-raspberry-pi/C++/lib/opencv_/build/CMakeFiles/CheckTypeSize/int32.c
/home/berkay/code/freelance/RaspML/GizemOZDEN/Gizem/RASP/calisan/ndvi-algorithm-for-raspberry-pi/C++/lib/opencv_/build/CMakeFiles/CheckTypeSize/int32.c:23:22: error: ‘INT32’ undeclared here (not in a function); did you mean ‘INT32_C’?
   23 | #define SIZE (sizeof(INT32))
      |                      ^~~~~
/home/berkay/code/freelance/RaspML/GizemOZDEN/Gizem/RASP/calisan/ndvi-algorithm-for-raspberry-pi/C++/lib/opencv_/build/CMakeFiles/CheckTypeSize/int32.c:25:12: note: in expansion of macro ‘SIZE’
   25 |   ('0' + ((SIZE / 10000)%10)),
      |            ^~~~
make[1]: *** [CMakeFiles/cmTC_593e7.dir/build.make:66: CMakeFiles/cmTC_593e7.dir/int32.c.o] Error 1
make[1]: Leaving directory '/home/berkay/code/freelance/RaspML/GizemOZDEN/Gizem/RASP/calisan/ndvi-algorithm-for-raspberry-pi/C++/lib/opencv_/build/CMakeFiles/CMakeTmp'
make: *** [Makefile:121: cmTC_593e7/fast] Error 2


/home/berkay/code/freelance/RaspML/GizemOZDEN/Gizem/RASP/calisan/ndvi-algorithm-for-raspberry-pi/C++/lib/opencv_/build/CMakeFiles/CheckTypeSize/int32.c:
#include <sys/types.h>
#include <stdint.h>
#include <stddef.h>


#undef KEY
#if defined(__i386)
# define KEY '_','_','i','3','8','6'
#elif defined(__x86_64)
# define KEY '_','_','x','8','6','_','6','4'
#elif defined(__ppc__)
# define KEY '_','_','p','p','c','_','_'
#elif defined(__ppc64__)
# define KEY '_','_','p','p','c','6','4','_','_'
#elif defined(__aarch64__)
# define KEY '_','_','a','a','r','c','h','6','4','_','_'
#elif defined(__ARM_ARCH_7A__)
# define KEY '_','_','A','R','M','_','A','R','C','H','_','7','A','_','_'
#elif defined(__ARM_ARCH_7S__)
# define KEY '_','_','A','R','M','_','A','R','C','H','_','7','S','_','_'
#endif

#define SIZE (sizeof(INT32))
static char info_size[] =  {'I', 'N', 'F', 'O', ':', 's','i','z','e','[',
  ('0' + ((SIZE / 10000)%10)),
  ('0' + ((SIZE / 1000)%10)),
  ('0' + ((SIZE / 100)%10)),
  ('0' + ((SIZE / 10)%10)),
  ('0' +  (SIZE    % 10)),
  ']',
#ifdef KEY
  ' ','k','e','y','[', KEY, ']',
#endif
  '\0'};

#ifdef __CLASSIC_C__
int main(argc, argv) int argc; char *argv[];
#else
int main(int argc, char *argv[])
#endif
{
  int require = 0;
  require += info_size[argc];
  (void)argv;
  return require;
}


Determining if the function setmode exists failed with the following output:
Change Dir: /home/berkay/code/freelance/RaspML/GizemOZDEN/Gizem/RASP/calisan/ndvi-algorithm-for-raspberry-pi/C++/lib/opencv_/build/CMakeFiles/CMakeTmp

Run Build Command(s):/usr/bin/make cmTC_9ceb2/fast && /usr/bin/make -f CMakeFiles/cmTC_9ceb2.dir/build.make CMakeFiles/cmTC_9ceb2.dir/build
make[1]: Entering directory '/home/berkay/code/freelance/RaspML/GizemOZDEN/Gizem/RASP/calisan/ndvi-algorithm-for-raspberry-pi/C++/lib/opencv_/build/CMakeFiles/CMakeTmp'
Building C object CMakeFiles/cmTC_9ceb2.dir/CheckFunctionExists.c.o
/usr/bin/cc   -fsigned-char -W -Wall -Werror=return-type -Werror=address -Werror=sequence-point -Wformat -Werror=format-security -Wmissing-declarations -Wmissing-prototypes -Wstrict-prototypes -Wundef -Winit-self -Wpointer-arith -Wshadow -Wuninitialized -Wno-comment -Wimplicit-fallthrough=3 -Wno-strict-overflow -fdiagnostics-show-option -Wno-long-long -pthread -fomit-frame-pointer -ffunction-sections -fdata-sections  -msse -msse2 -msse3 -fvisibility=hidden -DCHECK_FUNCTION_EXISTS=setmode -O3 -DNDEBUG  -DNDEBUG -fPIE   -o CMakeFiles/cmTC_9ceb2.dir/CheckFunctionExists.c.o   -c /usr/share/cmake-3.16/Modules/CheckFunctionExists.c
Linking C executable cmTC_9ceb2
/usr/bin/cmake -E cmake_link_script CMakeFiles/cmTC_9ceb2.dir/link.txt --verbose=1
/usr/bin/cc    -fsigned-char -W -Wall -Werror=return-type -Werror=address -Werror=sequence-point -Wformat -Werror=format-security -Wmissing-declarations -Wmissing-prototypes -Wstrict-prototypes -Wundef -Winit-self -Wpointer-arith -Wshadow -Wuninitialized -Wno-comment -Wimplicit-fallthrough=3 -Wno-strict-overflow -fdiagnostics-show-option -Wno-long-long -pthread -fomit-frame-pointer -ffunction-sections -fdata-sections  -msse -msse2 -msse3 -fvisibility=hidden -DCHECK_FUNCTION_EXISTS=setmode -O3 -DNDEBUG  -DNDEBUG    -Wl,--gc-sections -Wl,--as-needed  CMakeFiles/cmTC_9ceb2.dir/CheckFunctionExists.c.o  -o cmTC_9ceb2 
/usr/bin/ld: CMakeFiles/cmTC_9ceb2.dir/CheckFunctionExists.c.o: in function `main':
CheckFunctionExists.c:(.text.startup.main+0x10): undefined reference to `setmode'
collect2: error: ld returned 1 exit status
make[1]: *** [CMakeFiles/cmTC_9ceb2.dir/build.make:87: cmTC_9ceb2] Error 1
make[1]: Leaving directory '/home/berkay/code/freelance/RaspML/GizemOZDEN/Gizem/RASP/calisan/ndvi-algorithm-for-raspberry-pi/C++/lib/opencv_/build/CMakeFiles/CMakeTmp'
make: *** [Makefile:121: cmTC_9ceb2/fast] Error 2



Build output check failed:
    Regex: 'command[- ]line option .* is valid for .* but not for C\+\+'
    Output line: 'cc1plus: warning: command line option ‘-Wno-missing-prototypes’ is valid for C/ObjC but not for C++'
Compilation failed:
    source file: '/home/berkay/code/freelance/RaspML/GizemOZDEN/Gizem/RASP/calisan/ndvi-algorithm-for-raspberry-pi/C++/lib/opencv_/build/CMakeFiles/CMakeTmp/src.cxx'
    check option: ' -Wno-missing-prototypes'
===== BUILD LOG =====
Change Dir: /home/berkay/code/freelance/RaspML/GizemOZDEN/Gizem/RASP/calisan/ndvi-algorithm-for-raspberry-pi/C++/lib/opencv_/build/CMakeFiles/CMakeTmp

Run Build Command(s):/usr/bin/make cmTC_d85c4/fast && /usr/bin/make -f CMakeFiles/cmTC_d85c4.dir/build.make CMakeFiles/cmTC_d85c4.dir/build
make[1]: Entering directory '/home/berkay/code/freelance/RaspML/GizemOZDEN/Gizem/RASP/calisan/ndvi-algorithm-for-raspberry-pi/C++/lib/opencv_/build/CMakeFiles/CMakeTmp'
Building CXX object CMakeFiles/cmTC_d85c4.dir/src.cxx.o
/usr/bin/c++    -fsigned-char -W -Wall -Werror=return-type -Werror=non-virtual-dtor -Werror=address -Werror=sequence-point -Wformat -Werror=format-security -Wundef -Winit-self -Wpointer-arith -Wshadow -Wsign-promo -Wuninitialized -Wsuggest-override -Wno-delete-non-virtual-dtor -Wno-comment -Wimplicit-fallthrough=3 -Wno-strict-overflow -fdiagnostics-show-option -Wno-long-long -pthread -fomit-frame-pointer -ffunction-sections -fdata-sections  -msse -msse2 -msse3 -fvisibility=hidden -fvisibility-inlines-hidden -Wno-missing-declarations -Wno-unused-parameter  -O3 -DNDEBUG  -DNDEBUG -fPIE    -Wno-missing-prototypes -std=c++11 -o CMakeFiles/cmTC_d85c4.dir/src.cxx.o -c /home/berkay/code/freelance/RaspML/GizemOZDEN/Gizem/RASP/calisan/ndvi-algorithm-for-raspberry-pi/C++/lib/opencv_/build/CMakeFiles/CMakeTmp/src.cxx
cc1plus: warning: command line option ‘-Wno-missing-prototypes’ is valid for C/ObjC but not for C++
/home/berkay/code/freelance/RaspML/GizemOZDEN/Gizem/RASP/calisan/ndvi-algorithm-for-raspberry-pi/C++/lib/opencv_/build/CMakeFiles/CMakeTmp/src.cxx:1: warning: ignoring #pragma   [-Wunknown-pragmas]
    1 | #pragma
      | 
Linking CXX executable cmTC_d85c4
/usr/bin/cmake -E cmake_link_script CMakeFiles/cmTC_d85c4.dir/link.txt --verbose=1
/usr/bin/c++     -fsigned-char -W -Wall -Werror=return-type -Werror=non-virtual-dtor -Werror=address -Werror=sequence-point -Wformat -Werror=format-security -Wundef -Winit-self -Wpointer-arith -Wshadow -Wsign-promo -Wuninitialized -Wsuggest-override -Wno-delete-non-virtual-dtor -Wno-comment -Wimplicit-fallthrough=3 -Wno-strict-overflow -fdiagnostics-show-option -Wno-long-long -pthread -fomit-frame-pointer -ffunction-sections -fdata-sections  -msse -msse2 -msse3 -fvisibility=hidden -fvisibility-inlines-hidden -Wno-missing-declarations -Wno-unused-parameter  -O3 -DNDEBUG  -DNDEBUG    -Wl,--gc-sections -Wl,--as-needed  CMakeFiles/cmTC_d85c4.dir/src.cxx.o  -o cmTC_d85c4 
make[1]: Leaving directory '/home/berkay/code/freelance/RaspML/GizemOZDEN/Gizem/RASP/calisan/ndvi-algorithm-for-raspberry-pi/C++/lib/opencv_/build/CMakeFiles/CMakeTmp'


===== END =====

Build output check failed:
    Regex: 'unrecognized .*option'
    Output line: 'cc1: warning: unrecognized command line option ‘-Wno-implicit-const-int-float-conversion’'
Compilation failed:
    source file: '/home/berkay/code/freelance/RaspML/GizemOZDEN/Gizem/RASP/calisan/ndvi-algorithm-for-raspberry-pi/C++/lib/opencv_/build/CMakeFiles/CMakeTmp/src.c'
    check option: ' -Wno-implicit-const-int-float-conversion'
===== BUILD LOG =====
Change Dir: /home/berkay/code/freelance/RaspML/GizemOZDEN/Gizem/RASP/calisan/ndvi-algorithm-for-raspberry-pi/C++/lib/opencv_/build/CMakeFiles/CMakeTmp

Run Build Command(s):/usr/bin/make cmTC_ec24e/fast && /usr/bin/make -f CMakeFiles/cmTC_ec24e.dir/build.make CMakeFiles/cmTC_ec24e.dir/build
make[1]: Entering directory '/home/berkay/code/freelance/RaspML/GizemOZDEN/Gizem/RASP/calisan/ndvi-algorithm-for-raspberry-pi/C++/lib/opencv_/build/CMakeFiles/CMakeTmp'
Building C object CMakeFiles/cmTC_ec24e.dir/src.c.o
/usr/bin/cc   -fsigned-char -W -Wall -Werror=return-type -Werror=address -Werror=sequence-point -Wformat -Werror=format-security -Wmissing-declarations -Wmissing-prototypes -Wstrict-prototypes -Wundef -Winit-self -Wpointer-arith -Wshadow -Wuninitialized -Wno-comment -Wimplicit-fallthrough=3 -Wno-strict-overflow -fdiagnostics-show-option -Wno-long-long -pthread -fomit-frame-pointer -ffunction-sections -fdata-sections  -msse -msse2 -msse3 -fvisibility=hidden  -O3 -DNDEBUG  -DNDEBUG -fPIE    -Wno-implicit-const-int-float-conversion -o CMakeFiles/cmTC_ec24e.dir/src.c.o   -c /home/berkay/code/freelance/RaspML/GizemOZDEN/Gizem/RASP/calisan/ndvi-algorithm-for-raspberry-pi/C++/lib/opencv_/build/CMakeFiles/CMakeTmp/src.c
/home/berkay/code/freelance/RaspML/GizemOZDEN/Gizem/RASP/calisan/ndvi-algorithm-for-raspberry-pi/C++/lib/opencv_/build/CMakeFiles/CMakeTmp/src.c:1: warning: ignoring #pragma   [-Wunknown-pragmas]
    1 | #pragma
      | 
cc1: warning: unrecognized command line option ‘-Wno-implicit-const-int-float-conversion’
Linking C executable cmTC_ec24e
/usr/bin/cmake -E cmake_link_script CMakeFiles/cmTC_ec24e.dir/link.txt --verbose=1
/usr/bin/cc    -fsigned-char -W -Wall -Werror=return-type -Werror=address -Werror=sequence-point -Wformat -Werror=format-security -Wmissing-declarations -Wmissing-prototypes -Wstrict-prototypes -Wundef -Winit-self -Wpointer-arith -Wshadow -Wuninitialized -Wno-comment -Wimplicit-fallthrough=3 -Wno-strict-overflow -fdiagnostics-show-option -Wno-long-long -pthread -fomit-frame-pointer -ffunction-sections -fdata-sections  -msse -msse2 -msse3 -fvisibility=hidden  -O3 -DNDEBUG  -DNDEBUG    -Wl,--gc-sections -Wl,--as-needed  CMakeFiles/cmTC_ec24e.dir/src.c.o  -o cmTC_ec24e 
make[1]: Leaving directory '/home/berkay/code/freelance/RaspML/GizemOZDEN/Gizem/RASP/calisan/ndvi-algorithm-for-raspberry-pi/C++/lib/opencv_/build/CMakeFiles/CMakeTmp'


===== END =====

Determining if the _aligned_malloc exist failed with the following output:
Change Dir: /home/berkay/code/freelance/RaspML/GizemOZDEN/Gizem/RASP/calisan/ndvi-algorithm-for-raspberry-pi/C++/lib/opencv_/build/CMakeFiles/CMakeTmp

Run Build Command(s):/usr/bin/make cmTC_9c8f0/fast && /usr/bin/make -f CMakeFiles/cmTC_9c8f0.dir/build.make CMakeFiles/cmTC_9c8f0.dir/build
make[1]: Entering directory '/home/berkay/code/freelance/RaspML/GizemOZDEN/Gizem/RASP/calisan/ndvi-algorithm-for-raspberry-pi/C++/lib/opencv_/build/CMakeFiles/CMakeTmp'
Building C object CMakeFiles/cmTC_9c8f0.dir/CheckSymbolExists.c.o
/usr/bin/cc   -fsigned-char -W -Wall -Werror=return-type -Werror=address -Werror=sequence-point -Wformat -Werror=format-security -Wmissing-declarations -Wmissing-prototypes -Wstrict-prototypes -Wundef -Winit-self -Wpointer-arith -Wshadow -Wuninitialized -Wno-comment -Wimplicit-fallthrough=3 -Wno-strict-overflow -fdiagnostics-show-option -Wno-long-long -pthread -fomit-frame-pointer -ffunction-sections -fdata-sections  -msse -msse2 -msse3 -fvisibility=hidden  -O3 -DNDEBUG  -DNDEBUG -fPIE   -o CMakeFiles/cmTC_9c8f0.dir/CheckSymbolExists.c.o   -c /home/berkay/code/freelance/RaspML/GizemOZDEN/Gizem/RASP/calisan/ndvi-algorithm-for-raspberry-pi/C++/lib/opencv_/build/CMakeFiles/CMakeTmp/CheckSymbolExists.c
/home/berkay/code/freelance/RaspML/GizemOZDEN/Gizem/RASP/calisan/ndvi-algorithm-for-raspberry-pi/C++/lib/opencv_/build/CMakeFiles/CMakeTmp/CheckSymbolExists.c: In function ‘main’:
/home/berkay/code/freelance/RaspML/GizemOZDEN/Gizem/RASP/calisan/ndvi-algorithm-for-raspberry-pi/C++/lib/opencv_/build/CMakeFiles/CMakeTmp/CheckSymbolExists.c:8:19: error: ‘_aligned_malloc’ undeclared (first use in this function)
    8 |   return ((int*)(&_aligned_malloc))[argc];
      |                   ^~~~~~~~~~~~~~~
/home/berkay/code/freelance/RaspML/GizemOZDEN/Gizem/RASP/calisan/ndvi-algorithm-for-raspberry-pi/C++/lib/opencv_/build/CMakeFiles/CMakeTmp/CheckSymbolExists.c:8:19: note: each undeclared identifier is reported only once for each function it appears in
/home/berkay/code/freelance/RaspML/GizemOZDEN/Gizem/RASP/calisan/ndvi-algorithm-for-raspberry-pi/C++/lib/opencv_/build/CMakeFiles/CMakeTmp/CheckSymbolExists.c:4:14: warning: parameter ‘argc’ set but not used [-Wunused-but-set-parameter]
    4 | int main(int argc, char** argv)
      |          ~~~~^~~~
make[1]: *** [CMakeFiles/cmTC_9c8f0.dir/build.make:66: CMakeFiles/cmTC_9c8f0.dir/CheckSymbolExists.c.o] Error 1
make[1]: Leaving directory '/home/berkay/code/freelance/RaspML/GizemOZDEN/Gizem/RASP/calisan/ndvi-algorithm-for-raspberry-pi/C++/lib/opencv_/build/CMakeFiles/CMakeTmp'
make: *** [Makefile:121: cmTC_9c8f0/fast] Error 2


File /home/berkay/code/freelance/RaspML/GizemOZDEN/Gizem/RASP/calisan/ndvi-algorithm-for-raspberry-pi/C++/lib/opencv_/build/CMakeFiles/CMakeTmp/CheckSymbolExists.c:
/* */
#include <malloc.h>

int main(int argc, char** argv)
{
  (void)argv;
#ifndef _aligned_malloc
  return ((int*)(&_aligned_malloc))[argc];
#else
  (void)argc;
  return 0;
#endif
}
Build output check failed:
    Regex: 'unrecognized .*option'
    Output line: 'cc1plus: warning: unrecognized command line option ‘-Wno-inconsistent-missing-override’'
Compilation failed:
    source file: '/home/berkay/code/freelance/RaspML/GizemOZDEN/Gizem/RASP/calisan/ndvi-algorithm-for-raspberry-pi/C++/lib/opencv_/build/CMakeFiles/CMakeTmp/src.cxx'
    check option: ' -Wno-inconsistent-missing-override'
===== BUILD LOG =====
Change Dir: /home/berkay/code/freelance/RaspML/GizemOZDEN/Gizem/RASP/calisan/ndvi-algorithm-for-raspberry-pi/C++/lib/opencv_/build/CMakeFiles/CMakeTmp

Run Build Command(s):/usr/bin/make cmTC_6e17e/fast && /usr/bin/make -f CMakeFiles/cmTC_6e17e.dir/build.make CMakeFiles/cmTC_6e17e.dir/build
make[1]: Entering directory '/home/berkay/code/freelance/RaspML/GizemOZDEN/Gizem/RASP/calisan/ndvi-algorithm-for-raspberry-pi/C++/lib/opencv_/build/CMakeFiles/CMakeTmp'
Building CXX object CMakeFiles/cmTC_6e17e.dir/src.cxx.o
/usr/bin/c++    -fsigned-char -W -Wall -Werror=return-type -Werror=non-virtual-dtor -Werror=address -Werror=sequence-point -Wformat -Werror=format-security -Winit-self -Wpointer-arith -Wsign-promo -Wno-delete-non-virtual-dtor -Wno-comment -Wimplicit-fallthrough=3 -Wno-strict-overflow -fdiagnostics-show-option -Wno-long-long -pthread -fomit-frame-pointer -ffunction-sections -fdata-sections  -msse -msse2 -msse3 -fvisibility=hidden -fvisibility-inlines-hidden -Wno-shadow -Wno-unused -Wno-sign-compare -Wno-undef -Wno-missing-declarations -Wno-uninitialized -Wno-switch -Wno-parentheses -Wno-array-bounds -Wno-extra -Wno-deprecated-declarations -Wno-misleading-indentation -Wno-deprecated -Wno-suggest-override  -O3 -DNDEBUG  -DNDEBUG -fPIE    -Wno-inconsistent-missing-override -std=c++11 -o CMakeFiles/cmTC_6e17e.dir/src.cxx.o -c /home/berkay/code/freelance/RaspML/GizemOZDEN/Gizem/RASP/calisan/ndvi-algorithm-for-raspberry-pi/C++/lib/opencv_/build/CMakeFiles/CMakeTmp/src.cxx
/home/berkay/code/freelance/RaspML/GizemOZDEN/Gizem/RASP/calisan/ndvi-algorithm-for-raspberry-pi/C++/lib/opencv_/build/CMakeFiles/CMakeTmp/src.cxx:1: warning: ignoring #pragma   [-Wunknown-pragmas]
    1 | #pragma
      | 
cc1plus: warning: unrecognized command line option ‘-Wno-inconsistent-missing-override’
Linking CXX executable cmTC_6e17e
/usr/bin/cmake -E cmake_link_script CMakeFiles/cmTC_6e17e.dir/link.txt --verbose=1
/usr/bin/c++     -fsigned-char -W -Wall -Werror=return-type -Werror=non-virtual-dtor -Werror=address -Werror=sequence-point -Wformat -Werror=format-security -Winit-self -Wpointer-arith -Wsign-promo -Wno-delete-non-virtual-dtor -Wno-comment -Wimplicit-fallthrough=3 -Wno-strict-overflow -fdiagnostics-show-option -Wno-long-long -pthread -fomit-frame-pointer -ffunction-sections -fdata-sections  -msse -msse2 -msse3 -fvisibility=hidden -fvisibility-inlines-hidden -Wno-shadow -Wno-unused -Wno-sign-compare -Wno-undef -Wno-missing-declarations -Wno-uninitialized -Wno-switch -Wno-parentheses -Wno-array-bounds -Wno-extra -Wno-deprecated-declarations -Wno-misleading-indentation -Wno-deprecated -Wno-suggest-override  -O3 -DNDEBUG  -DNDEBUG    -Wl,--gc-sections -Wl,--as-needed  CMakeFiles/cmTC_6e17e.dir/src.cxx.o  -o cmTC_6e17e 
make[1]: Leaving directory '/home/berkay/code/freelance/RaspML/GizemOZDEN/Gizem/RASP/calisan/ndvi-algorithm-for-raspberry-pi/C++/lib/opencv_/build/CMakeFiles/CMakeTmp'


===== END =====

Build output check failed:
    Regex: 'unrecognized .*option'
    Output line: 'cc1plus: warning: unrecognized command line option ‘-Wno-implicit-const-int-float-conversion’'
Compilation failed:
    source file: '/home/berkay/code/freelance/RaspML/GizemOZDEN/Gizem/RASP/calisan/ndvi-algorithm-for-raspberry-pi/C++/lib/opencv_/build/CMakeFiles/CMakeTmp/src.cxx'
    check option: ' -Wno-implicit-const-int-float-conversion'
===== BUILD LOG =====
Change Dir: /home/berkay/code/freelance/RaspML/GizemOZDEN/Gizem/RASP/calisan/ndvi-algorithm-for-raspberry-pi/C++/lib/opencv_/build/CMakeFiles/CMakeTmp

Run Build Command(s):/usr/bin/make cmTC_37346/fast && /usr/bin/make -f CMakeFiles/cmTC_37346.dir/build.make CMakeFiles/cmTC_37346.dir/build
make[1]: Entering directory '/home/berkay/code/freelance/RaspML/GizemOZDEN/Gizem/RASP/calisan/ndvi-algorithm-for-raspberry-pi/C++/lib/opencv_/build/CMakeFiles/CMakeTmp'
Building CXX object CMakeFiles/cmTC_37346.dir/src.cxx.o
/usr/bin/c++    -fsigned-char -W -Wall -Werror=return-type -Werror=non-virtual-dtor -Werror=address -Werror=sequence-point -Wformat -Werror=format-security -Winit-self -Wpointer-arith -Wsign-promo -Wno-delete-non-virtual-dtor -Wno-comment -Wno-strict-overflow -fdiagnostics-show-option -Wno-long-long -pthread -fomit-frame-pointer -ffunction-sections -fdata-sections  -msse -msse2 -msse3 -fvisibility=hidden -fvisibility-inlines-hidden -Wno-shadow -Wno-unused -Wno-sign-compare -Wno-undef -Wno-missing-declarations -Wno-uninitialized -Wno-switch -Wno-parentheses -Wno-array-bounds -Wno-extra -Wno-deprecated-declarations -Wno-misleading-indentation -Wno-deprecated -Wno-suggest-override -Wno-implicit-fallthrough -Wno-tautological-compare -Wno-reorder -Wno-unused-result  -O3 -DNDEBUG  -DNDEBUG -fPIE    -Wno-implicit-const-int-float-conversion -std=c++11 -o CMakeFiles/cmTC_37346.dir/src.cxx.o -c /home/berkay/code/freelance/RaspML/GizemOZDEN/Gizem/RASP/calisan/ndvi-algorithm-for-raspberry-pi/C++/lib/opencv_/build/CMakeFiles/CMakeTmp/src.cxx
/home/berkay/code/freelance/RaspML/GizemOZDEN/Gizem/RASP/calisan/ndvi-algorithm-for-raspberry-pi/C++/lib/opencv_/build/CMakeFiles/CMakeTmp/src.cxx:1: warning: ignoring #pragma   [-Wunknown-pragmas]
    1 | #pragma
      | 
cc1plus: warning: unrecognized command line option ‘-Wno-implicit-const-int-float-conversion’
Linking CXX executable cmTC_37346
/usr/bin/cmake -E cmake_link_script CMakeFiles/cmTC_37346.dir/link.txt --verbose=1
/usr/bin/c++     -fsigned-char -W -Wall -Werror=return-type -Werror=non-virtual-dtor -Werror=address -Werror=sequence-point -Wformat -Werror=format-security -Winit-self -Wpointer-arith -Wsign-promo -Wno-delete-non-virtual-dtor -Wno-comment -Wno-strict-overflow -fdiagnostics-show-option -Wno-long-long -pthread -fomit-frame-pointer -ffunction-sections -fdata-sections  -msse -msse2 -msse3 -fvisibility=hidden -fvisibility-inlines-hidden -Wno-shadow -Wno-unused -Wno-sign-compare -Wno-undef -Wno-missing-declarations -Wno-uninitialized -Wno-switch -Wno-parentheses -Wno-array-bounds -Wno-extra -Wno-deprecated-declarations -Wno-misleading-indentation -Wno-deprecated -Wno-suggest-override -Wno-implicit-fallthrough -Wno-tautological-compare -Wno-reorder -Wno-unused-result  -O3 -DNDEBUG  -DNDEBUG    -Wl,--gc-sections -Wl,--as-needed  CMakeFiles/cmTC_37346.dir/src.cxx.o  -o cmTC_37346 
make[1]: Leaving directory '/home/berkay/code/freelance/RaspML/GizemOZDEN/Gizem/RASP/calisan/ndvi-algorithm-for-raspberry-pi/C++/lib/opencv_/build/CMakeFiles/CMakeTmp'


===== END =====

Determining if the function sgemm_ exists failed with the following output:
Change Dir: /home/berkay/code/freelance/RaspML/GizemOZDEN/Gizem/RASP/calisan/ndvi-algorithm-for-raspberry-pi/C++/lib/opencv_/build/CMakeFiles/CMakeTmp

Run Build Command(s):/usr/bin/make cmTC_8205e/fast && /usr/bin/make -f CMakeFiles/cmTC_8205e.dir/build.make CMakeFiles/cmTC_8205e.dir/build
make[1]: Entering directory '/home/berkay/code/freelance/RaspML/GizemOZDEN/Gizem/RASP/calisan/ndvi-algorithm-for-raspberry-pi/C++/lib/opencv_/build/CMakeFiles/CMakeTmp'
Building C object CMakeFiles/cmTC_8205e.dir/CheckFunctionExists.c.o
/usr/bin/cc   -fsigned-char -W -Wall -Werror=return-type -Werror=address -Werror=sequence-point -Wformat -Werror=format-security -Wmissing-declarations -Wmissing-prototypes -Wstrict-prototypes -Wundef -Winit-self -Wpointer-arith -Wshadow -Wuninitialized -Wno-comment -Wimplicit-fallthrough=3 -Wno-strict-overflow -fdiagnostics-show-option -Wno-long-long -pthread -fomit-frame-pointer -ffunction-sections -fdata-sections  -msse -msse2 -msse3 -fvisibility=hidden -DCHECK_FUNCTION_EXISTS=sgemm_ -O3 -DNDEBUG  -DNDEBUG -fPIE   -o CMakeFiles/cmTC_8205e.dir/CheckFunctionExists.c.o   -c /usr/share/cmake-3.16/Modules/CheckFunctionExists.c
Linking C executable cmTC_8205e
/usr/bin/cmake -E cmake_link_script CMakeFiles/cmTC_8205e.dir/link.txt --verbose=1
/usr/bin/cc    -fsigned-char -W -Wall -Werror=return-type -Werror=address -Werror=sequence-point -Wformat -Werror=format-security -Wmissing-declarations -Wmissing-prototypes -Wstrict-prototypes -Wundef -Winit-self -Wpointer-arith -Wshadow -Wuninitialized -Wno-comment -Wimplicit-fallthrough=3 -Wno-strict-overflow -fdiagnostics-show-option -Wno-long-long -pthread -fomit-frame-pointer -ffunction-sections -fdata-sections  -msse -msse2 -msse3 -fvisibility=hidden -DCHECK_FUNCTION_EXISTS=sgemm_ -O3 -DNDEBUG  -DNDEBUG    -Wl,--gc-sections -Wl,--as-needed  CMakeFiles/cmTC_8205e.dir/CheckFunctionExists.c.o  -o cmTC_8205e 
/usr/bin/ld: CMakeFiles/cmTC_8205e.dir/CheckFunctionExists.c.o: in function `main':
CheckFunctionExists.c:(.text.startup.main+0x10): undefined reference to `sgemm_'
collect2: error: ld returned 1 exit status
make[1]: *** [CMakeFiles/cmTC_8205e.dir/build.make:87: cmTC_8205e] Error 1
make[1]: Leaving directory '/home/berkay/code/freelance/RaspML/GizemOZDEN/Gizem/RASP/calisan/ndvi-algorithm-for-raspberry-pi/C++/lib/opencv_/build/CMakeFiles/CMakeTmp'
make: *** [Makefile:121: cmTC_8205e/fast] Error 2



Build output check failed:
    Regex: 'unrecognized .*option'
    Output line: 'cc1plus: warning: unrecognized command line option ‘-Wno-tautological-undefined-compare’'
Compilation failed:
    source file: '/home/berkay/code/freelance/RaspML/GizemOZDEN/Gizem/RASP/calisan/ndvi-algorithm-for-raspberry-pi/C++/lib/opencv_/build/CMakeFiles/CMakeTmp/src.cxx'
    check option: ' -Wno-tautological-undefined-compare'
===== BUILD LOG =====
Change Dir: /home/berkay/code/freelance/RaspML/GizemOZDEN/Gizem/RASP/calisan/ndvi-algorithm-for-raspberry-pi/C++/lib/opencv_/build/CMakeFiles/CMakeTmp

Run Build Command(s):/usr/bin/make cmTC_20c97/fast && /usr/bin/make -f CMakeFiles/cmTC_20c97.dir/build.make CMakeFiles/cmTC_20c97.dir/build
make[1]: Entering directory '/home/berkay/code/freelance/RaspML/GizemOZDEN/Gizem/RASP/calisan/ndvi-algorithm-for-raspberry-pi/C++/lib/opencv_/build/CMakeFiles/CMakeTmp'
Building CXX object CMakeFiles/cmTC_20c97.dir/src.cxx.o
/usr/bin/c++    -fsigned-char -W -Wall -Werror=return-type -Werror=non-virtual-dtor -Werror=address -Werror=sequence-point -Wformat -Werror=format-security -Winit-self -Wpointer-arith -Wuninitialized -Wsuggest-override -Wno-delete-non-virtual-dtor -Wno-comment -Wimplicit-fallthrough=3 -Wno-strict-overflow -fdiagnostics-show-option -Wno-long-long -pthread -fomit-frame-pointer -ffunction-sections -fdata-sections  -msse -msse2 -msse3 -fvisibility=hidden -fvisibility-inlines-hidden -Wno-deprecated -Wno-missing-declarations -Wno-shadow -Wno-unused-parameter -Wno-unused-local-typedefs -Wno-sign-compare -Wno-sign-promo -Wno-undef  -O3 -DNDEBUG  -DNDEBUG -fPIE    -Wno-tautological-undefined-compare -std=c++11 -o CMakeFiles/cmTC_20c97.dir/src.cxx.o -c /home/berkay/code/freelance/RaspML/GizemOZDEN/Gizem/RASP/calisan/ndvi-algorithm-for-raspberry-pi/C++/lib/opencv_/build/CMakeFiles/CMakeTmp/src.cxx
/home/berkay/code/freelance/RaspML/GizemOZDEN/Gizem/RASP/calisan/ndvi-algorithm-for-raspberry-pi/C++/lib/opencv_/build/CMakeFiles/CMakeTmp/src.cxx:1: warning: ignoring #pragma   [-Wunknown-pragmas]
    1 | #pragma
      | 
cc1plus: warning: unrecognized command line option ‘-Wno-tautological-undefined-compare’
Linking CXX executable cmTC_20c97
/usr/bin/cmake -E cmake_link_script CMakeFiles/cmTC_20c97.dir/link.txt --verbose=1
/usr/bin/c++     -fsigned-char -W -Wall -Werror=return-type -Werror=non-virtual-dtor -Werror=address -Werror=sequence-point -Wformat -Werror=format-security -Winit-self -Wpointer-arith -Wuninitialized -Wsuggest-override -Wno-delete-non-virtual-dtor -Wno-comment -Wimplicit-fallthrough=3 -Wno-strict-overflow -fdiagnostics-show-option -Wno-long-long -pthread -fomit-frame-pointer -ffunction-sections -fdata-sections  -msse -msse2 -msse3 -fvisibility=hidden -fvisibility-inlines-hidden -Wno-deprecated -Wno-missing-declarations -Wno-shadow -Wno-unused-parameter -Wno-unused-local-typedefs -Wno-sign-compare -Wno-sign-promo -Wno-undef  -O3 -DNDEBUG  -DNDEBUG    -Wl,--gc-sections -Wl,--as-needed  CMakeFiles/cmTC_20c97.dir/src.cxx.o  -o cmTC_20c97 
make[1]: Leaving directory '/home/berkay/code/freelance/RaspML/GizemOZDEN/Gizem/RASP/calisan/ndvi-algorithm-for-raspberry-pi/C++/lib/opencv_/build/CMakeFiles/CMakeTmp'


===== END =====

Build output check failed:
    Regex: 'unrecognized .*option'
    Output line: 'cc1plus: warning: unrecognized command line option ‘-Wno-shorten-64-to-32’'
Compilation failed:
    source file: '/home/berkay/code/freelance/RaspML/GizemOZDEN/Gizem/RASP/calisan/ndvi-algorithm-for-raspberry-pi/C++/lib/opencv_/build/CMakeFiles/CMakeTmp/src.cxx'
    check option: ' -Wno-shorten-64-to-32'
===== BUILD LOG =====
Change Dir: /home/berkay/code/freelance/RaspML/GizemOZDEN/Gizem/RASP/calisan/ndvi-algorithm-for-raspberry-pi/C++/lib/opencv_/build/CMakeFiles/CMakeTmp

Run Build Command(s):/usr/bin/make cmTC_c203a/fast && /usr/bin/make -f CMakeFiles/cmTC_c203a.dir/build.make CMakeFiles/cmTC_c203a.dir/build
make[1]: Entering directory '/home/berkay/code/freelance/RaspML/GizemOZDEN/Gizem/RASP/calisan/ndvi-algorithm-for-raspberry-pi/C++/lib/opencv_/build/CMakeFiles/CMakeTmp'
Building CXX object CMakeFiles/cmTC_c203a.dir/src.cxx.o
/usr/bin/c++    -fsigned-char -W -Wall -Werror=return-type -Werror=non-virtual-dtor -Werror=address -Werror=sequence-point -Wformat -Werror=format-security -Winit-self -Wpointer-arith -Wuninitialized -Wsuggest-override -Wno-delete-non-virtual-dtor -Wno-comment -Wimplicit-fallthrough=3 -Wno-strict-overflow -fdiagnostics-show-option -Wno-long-long -pthread -fomit-frame-pointer -ffunction-sections -fdata-sections  -msse -msse2 -msse3 -fvisibility=hidden -fvisibility-inlines-hidden -Wno-deprecated -Wno-missing-declarations -Wno-shadow -Wno-unused-parameter -Wno-unused-local-typedefs -Wno-sign-compare -Wno-sign-promo -Wno-undef -Wno-ignored-qualifiers -Wno-extra -Wno-unused-function -Wno-unused-const-variable  -O3 -DNDEBUG  -DNDEBUG -fPIE    -Wno-shorten-64-to-32 -std=c++11 -o CMakeFiles/cmTC_c203a.dir/src.cxx.o -c /home/berkay/code/freelance/RaspML/GizemOZDEN/Gizem/RASP/calisan/ndvi-algorithm-for-raspberry-pi/C++/lib/opencv_/build/CMakeFiles/CMakeTmp/src.cxx
/home/berkay/code/freelance/RaspML/GizemOZDEN/Gizem/RASP/calisan/ndvi-algorithm-for-raspberry-pi/C++/lib/opencv_/build/CMakeFiles/CMakeTmp/src.cxx:1: warning: ignoring #pragma   [-Wunknown-pragmas]
    1 | #pragma
      | 
cc1plus: warning: unrecognized command line option ‘-Wno-shorten-64-to-32’
Linking CXX executable cmTC_c203a
/usr/bin/cmake -E cmake_link_script CMakeFiles/cmTC_c203a.dir/link.txt --verbose=1
/usr/bin/c++     -fsigned-char -W -Wall -Werror=return-type -Werror=non-virtual-dtor -Werror=address -Werror=sequence-point -Wformat -Werror=format-security -Winit-self -Wpointer-arith -Wuninitialized -Wsuggest-override -Wno-delete-non-virtual-dtor -Wno-comment -Wimplicit-fallthrough=3 -Wno-strict-overflow -fdiagnostics-show-option -Wno-long-long -pthread -fomit-frame-pointer -ffunction-sections -fdata-sections  -msse -msse2 -msse3 -fvisibility=hidden -fvisibility-inlines-hidden -Wno-deprecated -Wno-missing-declarations -Wno-shadow -Wno-unused-parameter -Wno-unused-local-typedefs -Wno-sign-compare -Wno-sign-promo -Wno-undef -Wno-ignored-qualifiers -Wno-extra -Wno-unused-function -Wno-unused-const-variable  -O3 -DNDEBUG  -DNDEBUG    -Wl,--gc-sections -Wl,--as-needed  CMakeFiles/cmTC_c203a.dir/src.cxx.o  -o cmTC_c203a 
make[1]: Leaving directory '/home/berkay/code/freelance/RaspML/GizemOZDEN/Gizem/RASP/calisan/ndvi-algorithm-for-raspberry-pi/C++/lib/opencv_/build/CMakeFiles/CMakeTmp'


===== END =====

Build output check failed:
    Regex: 'unrecognized .*option'
    Output line: 'cc1plus: warning: unrecognized command line option ‘-Wno-enum-compare-switch’'
Compilation failed:
    source file: '/home/berkay/code/freelance/RaspML/GizemOZDEN/Gizem/RASP/calisan/ndvi-algorithm-for-raspberry-pi/C++/lib/opencv_/build/CMakeFiles/CMakeTmp/src.cxx'
    check option: ' -Wno-enum-compare-switch'
===== BUILD LOG =====
Change Dir: /home/berkay/code/freelance/RaspML/GizemOZDEN/Gizem/RASP/calisan/ndvi-algorithm-for-raspberry-pi/C++/lib/opencv_/build/CMakeFiles/CMakeTmp

Run Build Command(s):/usr/bin/make cmTC_8a43c/fast && /usr/bin/make -f CMakeFiles/cmTC_8a43c.dir/build.make CMakeFiles/cmTC_8a43c.dir/build
make[1]: Entering directory '/home/berkay/code/freelance/RaspML/GizemOZDEN/Gizem/RASP/calisan/ndvi-algorithm-for-raspberry-pi/C++/lib/opencv_/build/CMakeFiles/CMakeTmp'
Building CXX object CMakeFiles/cmTC_8a43c.dir/src.cxx.o
/usr/bin/c++    -fsigned-char -W -Wall -Werror=return-type -Werror=non-virtual-dtor -Werror=address -Werror=sequence-point -Wformat -Werror=format-security -Winit-self -Wpointer-arith -Wuninitialized -Wsuggest-override -Wno-delete-non-virtual-dtor -Wno-comment -Wimplicit-fallthrough=3 -Wno-strict-overflow -fdiagnostics-show-option -Wno-long-long -pthread -fomit-frame-pointer -ffunction-sections -fdata-sections  -msse -msse2 -msse3 -fvisibility=hidden -fvisibility-inlines-hidden -Wno-deprecated -Wno-missing-declarations -Wno-shadow -Wno-unused-parameter -Wno-unused-local-typedefs -Wno-sign-compare -Wno-sign-promo -Wno-undef -Wno-ignored-qualifiers -Wno-extra -Wno-unused-function -Wno-unused-const-variable -Wno-invalid-offsetof  -O3 -DNDEBUG  -DNDEBUG -fPIE    -Wno-enum-compare-switch -std=c++11 -o CMakeFiles/cmTC_8a43c.dir/src.cxx.o -c /home/berkay/code/freelance/RaspML/GizemOZDEN/Gizem/RASP/calisan/ndvi-algorithm-for-raspberry-pi/C++/lib/opencv_/build/CMakeFiles/CMakeTmp/src.cxx
/home/berkay/code/freelance/RaspML/GizemOZDEN/Gizem/RASP/calisan/ndvi-algorithm-for-raspberry-pi/C++/lib/opencv_/build/CMakeFiles/CMakeTmp/src.cxx:1: warning: ignoring #pragma   [-Wunknown-pragmas]
    1 | #pragma
      | 
cc1plus: warning: unrecognized command line option ‘-Wno-enum-compare-switch’
Linking CXX executable cmTC_8a43c
/usr/bin/cmake -E cmake_link_script CMakeFiles/cmTC_8a43c.dir/link.txt --verbose=1
/usr/bin/c++     -fsigned-char -W -Wall -Werror=return-type -Werror=non-virtual-dtor -Werror=address -Werror=sequence-point -Wformat -Werror=format-security -Winit-self -Wpointer-arith -Wuninitialized -Wsuggest-override -Wno-delete-non-virtual-dtor -Wno-comment -Wimplicit-fallthrough=3 -Wno-strict-overflow -fdiagnostics-show-option -Wno-long-long -pthread -fomit-frame-pointer -ffunction-sections -fdata-sections  -msse -msse2 -msse3 -fvisibility=hidden -fvisibility-inlines-hidden -Wno-deprecated -Wno-missing-declarations -Wno-shadow -Wno-unused-parameter -Wno-unused-local-typedefs -Wno-sign-compare -Wno-sign-promo -Wno-undef -Wno-ignored-qualifiers -Wno-extra -Wno-unused-function -Wno-unused-const-variable -Wno-invalid-offsetof  -O3 -DNDEBUG  -DNDEBUG    -Wl,--gc-sections -Wl,--as-needed  CMakeFiles/cmTC_8a43c.dir/src.cxx.o  -o cmTC_8a43c 
make[1]: Leaving directory '/home/berkay/code/freelance/RaspML/GizemOZDEN/Gizem/RASP/calisan/ndvi-algorithm-for-raspberry-pi/C++/lib/opencv_/build/CMakeFiles/CMakeTmp'


===== END =====

Determining if the include file sys/videoio.h exists failed with the following output:
Change Dir: /home/berkay/code/freelance/RaspML/GizemOZDEN/Gizem/RASP/calisan/ndvi-algorithm-for-raspberry-pi/C++/lib/opencv_/build/CMakeFiles/CMakeTmp

Run Build Command(s):/usr/bin/make cmTC_9aa05/fast && /usr/bin/make -f CMakeFiles/cmTC_9aa05.dir/build.make CMakeFiles/cmTC_9aa05.dir/build
make[1]: Entering directory '/home/berkay/code/freelance/RaspML/GizemOZDEN/Gizem/RASP/calisan/ndvi-algorithm-for-raspberry-pi/C++/lib/opencv_/build/CMakeFiles/CMakeTmp'
Building C object CMakeFiles/cmTC_9aa05.dir/CheckIncludeFile.c.o
/usr/bin/cc   -fsigned-char -W -Wall -Werror=return-type -Werror=address -Werror=sequence-point -Wformat -Werror=format-security -Wmissing-declarations -Wmissing-prototypes -Wstrict-prototypes -Wundef -Winit-self -Wpointer-arith -Wshadow -Wuninitialized -Wno-comment -Wimplicit-fallthrough=3 -Wno-strict-overflow -fdiagnostics-show-option -Wno-long-long -pthread -fomit-frame-pointer -ffunction-sections -fdata-sections  -msse -msse2 -msse3 -fvisibility=hidden  -O3 -DNDEBUG  -DNDEBUG -fPIE   -o CMakeFiles/cmTC_9aa05.dir/CheckIncludeFile.c.o   -c /home/berkay/code/freelance/RaspML/GizemOZDEN/Gizem/RASP/calisan/ndvi-algorithm-for-raspberry-pi/C++/lib/opencv_/build/CMakeFiles/CMakeTmp/CheckIncludeFile.c
/home/berkay/code/freelance/RaspML/GizemOZDEN/Gizem/RASP/calisan/ndvi-algorithm-for-raspberry-pi/C++/lib/opencv_/build/CMakeFiles/CMakeTmp/CheckIncludeFile.c:1:10: fatal error: sys/videoio.h: Böyle bir dosya ya da dizin yok
    1 | #include <sys/videoio.h>
      |          ^~~~~~~~~~~~~~~
compilation terminated.
make[1]: *** [CMakeFiles/cmTC_9aa05.dir/build.make:66: CMakeFiles/cmTC_9aa05.dir/CheckIncludeFile.c.o] Error 1
make[1]: Leaving directory '/home/berkay/code/freelance/RaspML/GizemOZDEN/Gizem/RASP/calisan/ndvi-algorithm-for-raspberry-pi/C++/lib/opencv_/build/CMakeFiles/CMakeTmp'
make: *** [Makefile:121: cmTC_9aa05/fast] Error 2



Build output check failed:
    Regex: 'unrecognized .*option'
    Output line: 'cc1plus: warning: unrecognized command line option ‘-Wno-unused-private-field’'
Compilation failed:
    source file: '/home/berkay/code/freelance/RaspML/GizemOZDEN/Gizem/RASP/calisan/ndvi-algorithm-for-raspberry-pi/C++/lib/opencv_/build/CMakeFiles/CMakeTmp/src.cxx'
    check option: ' -Wno-unused-private-field'
===== BUILD LOG =====
Change Dir: /home/berkay/code/freelance/RaspML/GizemOZDEN/Gizem/RASP/calisan/ndvi-algorithm-for-raspberry-pi/C++/lib/opencv_/build/CMakeFiles/CMakeTmp

Run Build Command(s):/usr/bin/make cmTC_1e037/fast && /usr/bin/make -f CMakeFiles/cmTC_1e037.dir/build.make CMakeFiles/cmTC_1e037.dir/build
make[1]: Entering directory '/home/berkay/code/freelance/RaspML/GizemOZDEN/Gizem/RASP/calisan/ndvi-algorithm-for-raspberry-pi/C++/lib/opencv_/build/CMakeFiles/CMakeTmp'
Building CXX object CMakeFiles/cmTC_1e037.dir/src.cxx.o
/usr/bin/c++    -fsigned-char -W -Wall -Werror=return-type -Werror=non-virtual-dtor -Werror=address -Werror=sequence-point -Wformat -Werror=format-security -Wmissing-declarations -Wundef -Winit-self -Wpointer-arith -Wshadow -Wsign-promo -Wuninitialized -Wsuggest-override -Wno-delete-non-virtual-dtor -Wno-comment -Wimplicit-fallthrough=3 -Wno-strict-overflow -fdiagnostics-show-option -Wno-long-long -pthread -fomit-frame-pointer -ffunction-sections -fdata-sections  -msse -msse2 -msse3 -fvisibility=hidden -fvisibility-inlines-hidden -Wno-unused-function -Wno-deprecated-declarations -Wno-overloaded-virtual  -O3 -DNDEBUG  -DNDEBUG -fPIE    -Wno-unused-private-field -std=c++11 -o CMakeFiles/cmTC_1e037.dir/src.cxx.o -c /home/berkay/code/freelance/RaspML/GizemOZDEN/Gizem/RASP/calisan/ndvi-algorithm-for-raspberry-pi/C++/lib/opencv_/build/CMakeFiles/CMakeTmp/src.cxx
/home/berkay/code/freelance/RaspML/GizemOZDEN/Gizem/RASP/calisan/ndvi-algorithm-for-raspberry-pi/C++/lib/opencv_/build/CMakeFiles/CMakeTmp/src.cxx:1: warning: ignoring #pragma   [-Wunknown-pragmas]
    1 | #pragma
      | 
cc1plus: warning: unrecognized command line option ‘-Wno-unused-private-field’
Linking CXX executable cmTC_1e037
/usr/bin/cmake -E cmake_link_script CMakeFiles/cmTC_1e037.dir/link.txt --verbose=1
/usr/bin/c++     -fsigned-char -W -Wall -Werror=return-type -Werror=non-virtual-dtor -Werror=address -Werror=sequence-point -Wformat -Werror=format-security -Wmissing-declarations -Wundef -Winit-self -Wpointer-arith -Wshadow -Wsign-promo -Wuninitialized -Wsuggest-override -Wno-delete-non-virtual-dtor -Wno-comment -Wimplicit-fallthrough=3 -Wno-strict-overflow -fdiagnostics-show-option -Wno-long-long -pthread -fomit-frame-pointer -ffunction-sections -fdata-sections  -msse -msse2 -msse3 -fvisibility=hidden -fvisibility-inlines-hidden -Wno-unused-function -Wno-deprecated-declarations -Wno-overloaded-virtual  -O3 -DNDEBUG  -DNDEBUG    -Wl,--gc-sections -Wl,--as-needed  CMakeFiles/cmTC_1e037.dir/src.cxx.o  -o cmTC_1e037 
make[1]: Leaving directory '/home/berkay/code/freelance/RaspML/GizemOZDEN/Gizem/RASP/calisan/ndvi-algorithm-for-raspberry-pi/C++/lib/opencv_/build/CMakeFiles/CMakeTmp'


===== END =====

